> Task :generateAot
WARNING: Unable to find jar '/Users/joeyt/dev/slalom/upgraded-garbanzo/build/classes/java/main' whilst scanning filesystem
Failed verification check: this type was requested to be added to configuration but is not resolvable: org.springframework.data.jpa.repository.support.EntityManagerBeanDefinitionRegistrarPostProcessor it will be skipped
Failed verification check: this type was requested to be added to configuration but is not resolvable: org.springframework.security.config.annotation.web.configuration.AutowiredWebSecurityConfigurersIgnoreParents it will be skipped
Failed verification check: this type was requested to be added to configuration but is not resolvable: io.netty.channel.socket.nio.NioSocketChannel it will be skipped
Failed verification check: this type was requested to be added to configuration but is not resolvable: org.springframework.messaging.handler.annotation.MessageMapping it will be skipped
Failed verification check: this type was requested to be added to configuration but is not resolvable: org.springframework.transaction.annotation.Transactional it will be skipped
Failed verification check: this type was requested to be added to configuration but is not resolvable: javax.transaction.Transactional it will be skipped
Failed verification check: this type was requested to be added to configuration but is not resolvable: org.springframework.transaction.annotation.Propagation it will be skipped
Failed verification check: this type was requested to be added to configuration but is not resolvable: org.springframework.web.reactive.socket.server.upgrade.TomcatRequestUpgradeStrategy it will be skipped

> Task :compileAotJava
Note: /Users/joeyt/dev/slalom/upgraded-garbanzo/build/generated/sources/aot/org/springframework/aot/StaticSpringFactories.java uses or overrides a deprecated API.
Note: Recompile with -Xlint:deprecation for details.
Note: Some input files use unchecked or unsafe operations.
Note: Recompile with -Xlint:unchecked for details.

> Task :bootBuildImage
Building image 'docker.io/library/upgraded-garbanzo:0.0.1-SNAPSHOT'

 > Pulling builder image 'docker.io/paketobuildpacks/builder:tiny' ..................................................
 > Pulled builder image 'paketobuildpacks/builder@sha256:615c369430990f2563634c7bab6e87793e3f978a5335a2d29f11dc0a3c7e2438'
 > Pulling run image 'docker.io/paketobuildpacks/run:tiny-cnb' ..................................................
 > Pulled run image 'paketobuildpacks/run@sha256:4796ae0080e21bb7199f3fdb2201f0e37b2dc2e775dd9349d3c08462647ae2d5'
 > Executing lifecycle version v0.11.3
 > Using build cache volume 'pack-cache-e5797467e6ab.build'

 > Running creator
    [creator]     ===> DETECTING
    [creator]     4 of 11 buildpacks participating
    [creator]     paketo-buildpacks/graalvm        6.0.0
    [creator]     paketo-buildpacks/executable-jar 5.0.0
    [creator]     paketo-buildpacks/spring-boot    4.2.0
    [creator]     paketo-buildpacks/native-image   4.0.0
    [creator]     ===> ANALYZING
    [creator]     Previous image with name "docker.io/library/upgraded-garbanzo:0.0.1-SNAPSHOT" not found
    [creator]     ===> RESTORING
    [creator]     ===> BUILDING
    [creator]
    [creator]     Paketo GraalVM Buildpack 6.0.0
    [creator]       https://github.com/paketo-buildpacks/graalvm
    [creator]       Build Configuration:
    [creator]         $BP_JVM_VERSION              11.*            the Java version
    [creator]       Launch Configuration:
    [creator]         $BPL_JVM_HEAD_ROOM           0               the headroom in memory calculation
    [creator]         $BPL_JVM_LOADED_CLASS_COUNT  35% of classes  the number of loaded classes in memory calculation
    [creator]         $BPL_JVM_THREAD_COUNT        250             the number of threads in memory calculation
    [creator]         $JAVA_TOOL_OPTIONS                           the JVM launch flags
    [creator]       GraalVM JDK 11.0.10: Contributing to layer
    [creator]         Downloading from https://github.com/graalvm/graalvm-ce-builds/releases/download/vm-21.0.0.2/graalvm-ce-java11-linux-amd64-21.0.0.2.tar.gz
    [creator]         Verifying checksum
    [creator]         Expanding to /layers/paketo-buildpacks_graalvm/jdk
    [creator]         Adding 129 container CA certificates to JVM truststore
    [creator]       GraalVM Native Image Substrate VM 11.0.10
    [creator]         Downloading from https://github.com/graalvm/graalvm-ce-builds/releases/download/vm-21.0.0.2/native-image-installable-svm-java11-linux-amd64-21.0.0.2.jar
    [creator]         Verifying checksum
    [creator]         Installing substrate VM
    [creator]     Processing Component archive: /tmp/24e5a08e2714aee343b22c266285090721ff882ab0a31b7e8e4a68585c38f421/native-image-installable-svm-java11-linux-amd64-21.0.0.2.jar
    [creator]     Installing new component: Native Image (org.graalvm.native-image, version 21.0.0.2)
    [creator]         Writing env.build/JAVA_HOME.override
    [creator]         Writing env.build/JDK_HOME.override
    [creator]
    [creator]     Paketo Executable JAR Buildpack 5.0.0
    [creator]       https://github.com/paketo-buildpacks/executable-jar
    [creator]       Class Path: Contributing to layer
    [creator]         Writing env.build/CLASSPATH.delim
    [creator]         Writing env.build/CLASSPATH.prepend
    [creator]
    [creator]     Paketo Spring Boot Buildpack 4.2.0
    [creator]       https://github.com/paketo-buildpacks/spring-boot
    [creator]       Class Path: Contributing to layer
    [creator]         Writing env.build/CLASSPATH.append
    [creator]         Writing env.build/CLASSPATH.delim
    [creator]       Image labels:
    [creator]         org.springframework.boot.spring-configuration-metadata.json
    [creator]         org.springframework.boot.version
    [creator]
    [creator]     Paketo Native Image Buildpack 4.0.0
    [creator]       https://github.com/paketo-buildpacks/native-image
    [creator]       Build Configuration:
    [creator]         $BP_NATIVE_IMAGE                  true  enable native image build
    [creator]         $BP_NATIVE_IMAGE_BUILD_ARGUMENTS        arguments to pass to the native-image command
    [creator]       Native Image: Contributing to layer
    [creator]         GraalVM Version 21.0.0.2 (Java Version 11.0.10+8-jvmci-21.0-b06)
    [creator]         Executing native-image -H:+StaticExecutableWithDynamicLibC -H:Name=/layers/paketo-buildpacks_native-image/native-image/joeyslalom.upgradedgarbanzo.UpgradedGarbanzoApplicationKt -cp /workspace:/workspace/BOOT-INF/classes:/workspace/BOOT-INF/lib/spring-native-0.9.2.jar:/workspace/BOOT-INF/lib/jackson-module-kotlin-2.11.4.jar:/workspace/BOOT-INF/lib/spring-cloud-gcp-starter-2.0.0.jar:/workspace/BOOT-INF/lib/kotlin-reflect-1.4.32.jar:/workspace/BOOT-INF/lib/kotlin-stdlib-jdk8-1.4.32.jar:/workspace/BOOT-INF/lib/spring-boot-actuator-autoconfigure-2.4.5.jar:/workspace/BOOT-INF/lib/micrometer-core-1.6.6.jar:/workspace/BOOT-INF/lib/spring-webmvc-5.3.6.jar:/workspace/BOOT-INF/lib/spring-web-5.3.6.jar:/workspace/BOOT-INF/lib/jackson-datatype-jsr310-2.11.4.jar:/workspace/BOOT-INF/lib/jackson-datatype-jdk8-2.11.4.jar:/workspace/BOOT-INF/lib/jackson-module-parameter-names-2.11.4.jar:/workspace/BOOT-INF/lib/jackson-databind-2.11.4.jar:/workspace/BOOT-INF/lib/jackson-annotations-2.11.4.jar:/workspace/BOOT-INF/lib/spring-cloud-gcp-autoconfigure-2.0.0.jar:/workspace/BOOT-INF/lib/spring-cloud-gcp-core-2.0.0.jar:/workspace/BOOT-INF/lib/logback-classic-1.2.3.jar:/workspace/BOOT-INF/lib/log4j-to-slf4j-2.13.3.jar:/workspace/BOOT-INF/lib/jul-to-slf4j-1.7.30.jar:/workspace/BOOT-INF/lib/slf4j-api-1.7.30.jar:/workspace/BOOT-INF/lib/kotlin-stdlib-jdk7-1.4.32.jar:/workspace/BOOT-INF/lib/kotlin-stdlib-1.4.32.jar:/workspace/BOOT-INF/lib/spring-boot-autoconfigure-2.4.5.jar:/workspace/BOOT-INF/lib/spring-boot-actuator-2.4.5.jar:/workspace/BOOT-INF/lib/spring-boot-2.4.5.jar:/workspace/BOOT-INF/lib/jakarta.annotation-api-1.3.5.jar:/workspace/BOOT-INF/lib/spring-context-5.3.6.jar:/workspace/BOOT-INF/lib/spring-aop-5.3.6.jar:/workspace/BOOT-INF/lib/spring-beans-5.3.6.jar:/workspace/BOOT-INF/lib/spring-expression-5.3.6.jar:/workspace/BOOT-INF/lib/spring-core-5.3.6.jar:/workspace/BOOT-INF/lib/snakeyaml-1.27.jar:/workspace/BOOT-INF/lib/HdrHistogram-2.1.12.jar:/workspace/BOOT-INF/lib/LatencyUtils-2.0.3.jar:/workspace/BOOT-INF/lib/tomcat-embed-websocket-9.0.45.jar:/workspace/BOOT-INF/lib/tomcat-embed-core-9.0.45.jar:/workspace/BOOT-INF/lib/jakarta.el-3.0.3.jar:/workspace/BOOT-INF/lib/google-cloud-core-1.93.9.jar:/workspace/BOOT-INF/lib/gax-1.60.0.jar:/workspace/BOOT-INF/lib/google-auth-library-oauth2-http-0.22.0.jar:/workspace/BOOT-INF/lib/google-http-client-jackson2-1.37.0.jar:/workspace/BOOT-INF/lib/jackson-core-2.11.4.jar:/workspace/BOOT-INF/lib/kotlin-stdlib-common-1.4.32.jar:/workspace/BOOT-INF/lib/annotations-13.0.jar:/workspace/BOOT-INF/lib/spring-jcl-5.3.6.jar:/workspace/BOOT-INF/lib/protobuf-java-util-3.13.0.jar:/workspace/BOOT-INF/lib/api-common-1.10.0.jar:/workspace/BOOT-INF/lib/google-http-client-1.37.0.jar:/workspace/BOOT-INF/lib/opencensus-contrib-http-util-0.24.0.jar:/workspace/BOOT-INF/lib/guava-29.0-jre.jar:/workspace/BOOT-INF/lib/auto-value-annotations-1.7.2.jar:/workspace/BOOT-INF/lib/proto-google-iam-v1-1.0.1.jar:/workspace/BOOT-INF/lib/proto-google-common-protos-1.18.1.jar:/workspace/BOOT-INF/lib/threetenbp-1.4.4.jar:/workspace/BOOT-INF/lib/google-auth-library-credentials-0.22.0.jar:/workspace/BOOT-INF/lib/protobuf-java-3.13.0.jar:/workspace/BOOT-INF/lib/jsr305-3.0.2.jar:/workspace/BOOT-INF/lib/logback-core-1.2.3.jar:/workspace/BOOT-INF/lib/log4j-api-2.13.3.jar:/workspace/BOOT-INF/lib/failureaccess-1.0.1.jar:/workspace/BOOT-INF/lib/listenablefuture-9999.0-empty-to-avoid-conflict-with-guava.jar:/workspace/BOOT-INF/lib/checker-qual-2.11.1.jar:/workspace/BOOT-INF/lib/error_prone_annotations-2.3.4.jar:/workspace/BOOT-INF/lib/j2objc-annotations-1.3.jar:/workspace/BOOT-INF/lib/opencensus-api-0.24.0.jar:/workspace/BOOT-INF/lib/gson-2.8.6.jar:/workspace/BOOT-INF/lib/javax.annotation-api-1.3.2.jar:/workspace/BOOT-INF/lib/httpclient-4.5.13.jar:/workspace/BOOT-INF/lib/httpcore-4.4.14.jar:/workspace/BOOT-INF/lib/grpc-context-1.33.0.jar:/workspace/BOOT-INF/lib/commons-codec-1.15.jar joeyslalom.upgradedgarbanzo.UpgradedGarbanzoApplicationKt
    [creator]     [/layers/paketo-buildpacks_native-image/native-image/joeyslalom.upgradedgarbanzo.UpgradedGarbanzoApplicationKt:187]    classlist:   5,664.57 ms,  1.13 GB
    [creator]     [/layers/paketo-buildpacks_native-image/native-image/joeyslalom.upgradedgarbanzo.UpgradedGarbanzoApplicationKt:187]        (cap):     740.42 ms,  1.13 GB
    [creator]     WARNING: Could not resolve groovy.text.markup.MarkupTemplateEngine for reflection configuration. Reason: java.lang.ClassNotFoundException: groovy.text.markup.MarkupTemplateEngine.
    [creator]     WARNING: Could not register org.springframework.boot.autoconfigure.groovy.template.GroovyTemplateAutoConfiguration$GroovyMarkupConfiguration: allDeclaredMethods for reflection. Reason: java.lang.NoClassDefFoundError: groovy/text/markup/TemplateConfiguration.
    [creator]     WARNING: Could not resolve org.springframework.web.servlet.view.groovy.GroovyMarkupConfigurer for reflection configuration. Reason: java.lang.NoClassDefFoundError: groovy/text/markup/TemplateConfiguration.
    [creator]     [/layers/paketo-buildpacks_native-image/native-image/joeyslalom.upgradedgarbanzo.UpgradedGarbanzoApplicationKt:187]        setup:   3,766.25 ms,  1.13 GB
    [creator]     WARNING: Could not register reflection metadata for com.google.cloud.spring.autoconfigure.spanner.GcpSpannerEmulatorAutoConfiguration. Reason: java.lang.NoClassDefFoundError: com/google/cloud/spanner/SpannerOptions.
    [creator]     WARNING: Could not register reflection metadata for org.springframework.aop.aspectj.autoproxy.AspectJAwareAdvisorAutoProxyCreator. Reason: java.lang.NoClassDefFoundError: org/aspectj/util/PartialOrder$PartialComparable.
    [creator]     WARNING: Could not register reflection metadata for com.google.cloud.spring.autoconfigure.pubsub.GcpPubSubAutoConfiguration. Reason: java.lang.NoClassDefFoundError: com/google/cloud/spring/pubsub/support/SubscriberFactory.
    [creator]     WARNING: Could not register reflection metadata for org.springframework.boot.autoconfigure.cache.CaffeineCacheConfiguration. Reason: java.lang.NoClassDefFoundError: org/springframework/cache/caffeine/CaffeineCacheManager.
    [creator]     WARNING: Could not register reflection metadata for org.springframework.boot.autoconfigure.security.servlet.SecurityAutoConfiguration. Reason: java.lang.NoClassDefFoundError: org/springframework/security/authentication/DefaultAuthenticationEventPublisher.
    [creator]     WARNING: Could not register reflection metadata for org.springframework.boot.autoconfigure.cache.EhCacheCacheConfiguration. Reason: java.lang.NoClassDefFoundError: net/sf/ehcache/CacheManager.
    [creator]     WARNING: Could not register reflection metadata for com.google.cloud.spring.autoconfigure.firestore.GcpFirestoreAutoConfiguration. Reason: java.lang.NoClassDefFoundError: com/google/cloud/firestore/FirestoreOptions.
    [creator]     WARNING: Could not register reflection metadata for org.springframework.boot.autoconfigure.data.redis.RedisAutoConfiguration. Reason: java.lang.NoClassDefFoundError: org/springframework/data/redis/connection/RedisConnectionFactory.
    [creator]     WARNING: Could not register reflection metadata for com.google.cloud.spring.autoconfigure.secretmanager.GcpSecretManagerBootstrapConfiguration. Reason: java.lang.NoClassDefFoundError: com/google/cloud/secretmanager/v1/SecretManagerServiceClient.
    [creator]     WARNING: Could not register reflection metadata for org.springframework.boot.autoconfigure.groovy.template.GroovyTemplateAutoConfiguration$GroovyMarkupConfiguration. Reason: java.lang.NoClassDefFoundError: groovy/text/markup/TemplateConfiguration.
    [creator]     WARNING: Could not register reflection metadata for org.springframework.web.servlet.view.groovy.GroovyMarkupConfig. Reason: java.lang.NoClassDefFoundError: groovy/text/markup/MarkupTemplateEngine.
    [creator]     WARNING: Could not register reflection metadata for org.springframework.boot.autoconfigure.cache.HazelcastCacheConfiguration. Reason: java.lang.NoClassDefFoundError: com/hazelcast/core/HazelcastInstance.
    [creator]     WARNING: Could not register reflection metadata for org.springframework.boot.autoconfigure.cache.RedisCacheConfiguration. Reason: java.lang.NoClassDefFoundError: org/springframework/data/redis/serializer/RedisSerializer.
    [creator]     WARNING: Could not register reflection metadata for com.google.cloud.spring.autoconfigure.config.GcpConfigBootstrapConfiguration. Reason: java.lang.NoClassDefFoundError: org/springframework/cloud/bootstrap/config/PropertySourceLocator.
    [creator]     WARNING: Could not register reflection metadata for org.springframework.boot.actuate.autoconfigure.cloudfoundry.servlet.CloudFoundryActuatorAutoConfiguration. Reason: java.lang.NoClassDefFoundError: org/springframework/security/config/annotation/web/configuration/WebSecurityCustomizer.
    [creator]     WARNING: Could not register reflection metadata for com.google.cloud.spring.autoconfigure.firestore.GcpFirestoreEmulatorAutoConfiguration. Reason: java.lang.NoClassDefFoundError: com/google/cloud/firestore/FirestoreOptions.
    [creator]     WARNING: Could not register reflection metadata for org.springframework.aop.aspectj.annotation.AnnotationAwareAspectJAutoProxyCreator. Reason: java.lang.NoClassDefFoundError: org/aspectj/util/PartialOrder$PartialComparable.
    [creator]     WARNING: Could not register reflection metadata for org.springframework.boot.autoconfigure.jsonb.JsonbAutoConfiguration. Reason: java.lang.NoClassDefFoundError: javax/json/bind/Jsonb.
    [creator]     WARNING: Could not register reflection metadata for org.springframework.boot.autoconfigure.cache.InfinispanCacheConfiguration. Reason: java.lang.NoClassDefFoundError: org/infinispan/manager/EmbeddedCacheManager.
    [creator]     WARNING: Could not register reflection metadata for org.springframework.boot.autoconfigure.cache.CouchbaseCacheConfiguration. Reason: java.lang.NoClassDefFoundError: org/springframework/data/couchbase/cache/CouchbaseCacheManager$CouchbaseCacheManagerBuilder.
    [creator]     WARNING: Could not register reflection metadata for org.springframework.boot.autoconfigure.cache.JCacheCacheConfiguration. Reason: java.lang.NoClassDefFoundError: javax/cache/CacheManager.
    [creator]     WARNING: Could not register reflection metadata for com.google.cloud.spring.autoconfigure.pubsub.GcpPubSubEmulatorAutoConfiguration. Reason: java.lang.NoClassDefFoundError: Lio/grpc/ManagedChannel;.
    [creator]     WARNING: Could not register reflection metadata for org.springframework.boot.actuate.autoconfigure.security.servlet.ManagementWebSecurityAutoConfiguration. Reason: java.lang.NoClassDefFoundError: org/springframework/security/config/annotation/web/builders/HttpSecurity.
    [creator]     WARNING: Could not register reflection metadata for org.springframework.boot.autoconfigure.validation.ValidationAutoConfiguration. Reason: java.lang.NoClassDefFoundError: javax/validation/ValidatorFactory.
    [creator]     WARNING: Could not register reflection metadata for org.springframework.web.multipart.commons.CommonsMultipartResolver. Reason: java.lang.NoClassDefFoundError: org/apache/commons/fileupload/FileItemFactory.
    [creator]     WARNING: Could not register reflection metadata for com.google.cloud.spring.autoconfigure.spanner.GcpSpannerEmulatorAutoConfiguration. Reason: java.lang.NoClassDefFoundError: com/google/cloud/spanner/SpannerOptions.
    [creator]     WARNING: Could not register reflection metadata for org.springframework.aop.aspectj.autoproxy.AspectJAwareAdvisorAutoProxyCreator. Reason: java.lang.NoClassDefFoundError: org/aspectj/util/PartialOrder$PartialComparable.
    [creator]     WARNING: Could not register reflection metadata for com.google.cloud.spring.autoconfigure.pubsub.GcpPubSubAutoConfiguration. Reason: java.lang.NoClassDefFoundError: com/google/cloud/spring/pubsub/support/SubscriberFactory.
    [creator]     WARNING: Could not register reflection metadata for org.springframework.boot.autoconfigure.cache.CaffeineCacheConfiguration. Reason: java.lang.NoClassDefFoundError: org/springframework/cache/caffeine/CaffeineCacheManager.
    [creator]     WARNING: Could not register reflection metadata for org.springframework.boot.autoconfigure.security.servlet.SecurityAutoConfiguration. Reason: java.lang.NoClassDefFoundError: org/springframework/security/authentication/DefaultAuthenticationEventPublisher.
    [creator]     WARNING: Could not register reflection metadata for org.springframework.boot.autoconfigure.cache.EhCacheCacheConfiguration. Reason: java.lang.NoClassDefFoundError: net/sf/ehcache/CacheManager.
    [creator]     WARNING: Could not register reflection metadata for com.google.cloud.spring.autoconfigure.firestore.GcpFirestoreAutoConfiguration. Reason: java.lang.NoClassDefFoundError: com/google/cloud/firestore/FirestoreOptions.
    [creator]     WARNING: Could not register reflection metadata for org.springframework.boot.autoconfigure.data.redis.RedisAutoConfiguration. Reason: java.lang.NoClassDefFoundError: org/springframework/data/redis/connection/RedisConnectionFactory.
    [creator]     WARNING: Could not register reflection metadata for com.google.cloud.spring.autoconfigure.secretmanager.GcpSecretManagerBootstrapConfiguration. Reason: java.lang.NoClassDefFoundError: com/google/cloud/secretmanager/v1/SecretManagerServiceClient.
    [creator]     WARNING: Could not register reflection metadata for org.springframework.boot.autoconfigure.groovy.template.GroovyTemplateAutoConfiguration$GroovyMarkupConfiguration. Reason: java.lang.NoClassDefFoundError: groovy/text/markup/TemplateConfiguration.
    [creator]     WARNING: Could not register reflection metadata for org.springframework.web.servlet.view.groovy.GroovyMarkupConfig. Reason: java.lang.NoClassDefFoundError: groovy/text/markup/MarkupTemplateEngine.
    [creator]     WARNING: Could not register reflection metadata for org.springframework.boot.autoconfigure.cache.HazelcastCacheConfiguration. Reason: java.lang.NoClassDefFoundError: com/hazelcast/core/HazelcastInstance.
    [creator]     WARNING: Could not register reflection metadata for org.springframework.boot.autoconfigure.cache.RedisCacheConfiguration. Reason: java.lang.NoClassDefFoundError: org/springframework/data/redis/serializer/RedisSerializer.
    [creator]     WARNING: Could not register reflection metadata for com.google.cloud.spring.autoconfigure.config.GcpConfigBootstrapConfiguration. Reason: java.lang.NoClassDefFoundError: org/springframework/cloud/bootstrap/config/PropertySourceLocator.
    [creator]     WARNING: Could not register reflection metadata for org.springframework.boot.actuate.autoconfigure.cloudfoundry.servlet.CloudFoundryActuatorAutoConfiguration. Reason: java.lang.NoClassDefFoundError: org/springframework/security/config/annotation/web/configuration/WebSecurityCustomizer.
    [creator]     WARNING: Could not register reflection metadata for com.google.cloud.spring.autoconfigure.firestore.GcpFirestoreEmulatorAutoConfiguration. Reason: java.lang.NoClassDefFoundError: com/google/cloud/firestore/FirestoreOptions.
    [creator]     WARNING: Could not register reflection metadata for org.springframework.aop.aspectj.annotation.AnnotationAwareAspectJAutoProxyCreator. Reason: java.lang.NoClassDefFoundError: org/aspectj/util/PartialOrder$PartialComparable.
    [creator]     WARNING: Could not register reflection metadata for org.springframework.boot.autoconfigure.jsonb.JsonbAutoConfiguration. Reason: java.lang.NoClassDefFoundError: javax/json/bind/Jsonb.
    [creator]     WARNING: Could not register reflection metadata for org.springframework.boot.autoconfigure.cache.InfinispanCacheConfiguration. Reason: java.lang.NoClassDefFoundError: org/infinispan/manager/EmbeddedCacheManager.
    [creator]     WARNING: Could not register reflection metadata for org.springframework.boot.autoconfigure.cache.CouchbaseCacheConfiguration. Reason: java.lang.NoClassDefFoundError: org/springframework/data/couchbase/cache/CouchbaseCacheManager$CouchbaseCacheManagerBuilder.
    [creator]     WARNING: Could not register reflection metadata for org.springframework.boot.autoconfigure.cache.JCacheCacheConfiguration. Reason: java.lang.NoClassDefFoundError: javax/cache/CacheManager.
    [creator]     WARNING: Could not register reflection metadata for com.google.cloud.spring.autoconfigure.pubsub.GcpPubSubEmulatorAutoConfiguration. Reason: java.lang.NoClassDefFoundError: Lio/grpc/ManagedChannel;.
    [creator]     WARNING: Could not register reflection metadata for org.springframework.boot.actuate.autoconfigure.security.servlet.ManagementWebSecurityAutoConfiguration. Reason: java.lang.NoClassDefFoundError: org/springframework/security/config/annotation/web/builders/HttpSecurity.
    [creator]     WARNING: Could not register reflection metadata for org.springframework.boot.autoconfigure.validation.ValidationAutoConfiguration. Reason: java.lang.NoClassDefFoundError: javax/validation/ValidatorFactory.
    [creator]     WARNING: Could not register reflection metadata for org.springframework.web.multipart.commons.CommonsMultipartResolver. Reason: java.lang.NoClassDefFoundError: org/apache/commons/fileupload/FileItemFactory.
    [creator]     WARNING: Could not register reflection metadata for com.google.cloud.spring.autoconfigure.spanner.GcpSpannerEmulatorAutoConfiguration. Reason: java.lang.NoClassDefFoundError: com/google/cloud/spanner/SpannerOptions.
    [creator]     WARNING: Could not register reflection metadata for org.springframework.aop.aspectj.autoproxy.AspectJAwareAdvisorAutoProxyCreator. Reason: java.lang.NoClassDefFoundError: org/aspectj/util/PartialOrder$PartialComparable.
    [creator]     WARNING: Could not register reflection metadata for com.google.cloud.spring.autoconfigure.pubsub.GcpPubSubAutoConfiguration. Reason: java.lang.NoClassDefFoundError: com/google/cloud/spring/pubsub/support/SubscriberFactory.
    [creator]     WARNING: Could not register reflection metadata for org.springframework.boot.autoconfigure.cache.CaffeineCacheConfiguration. Reason: java.lang.NoClassDefFoundError: org/springframework/cache/caffeine/CaffeineCacheManager.
    [creator]     WARNING: Could not register reflection metadata for org.springframework.boot.autoconfigure.security.servlet.SecurityAutoConfiguration. Reason: java.lang.NoClassDefFoundError: org/springframework/security/authentication/DefaultAuthenticationEventPublisher.
    [creator]     WARNING: Could not register reflection metadata for org.springframework.boot.autoconfigure.cache.EhCacheCacheConfiguration. Reason: java.lang.NoClassDefFoundError: net/sf/ehcache/CacheManager.
    [creator]     WARNING: Could not register reflection metadata for com.google.cloud.spring.autoconfigure.firestore.GcpFirestoreAutoConfiguration. Reason: java.lang.NoClassDefFoundError: com/google/cloud/firestore/FirestoreOptions.
    [creator]     WARNING: Could not register reflection metadata for org.springframework.boot.autoconfigure.data.redis.RedisAutoConfiguration. Reason: java.lang.NoClassDefFoundError: org/springframework/data/redis/connection/RedisConnectionFactory.
    [creator]     WARNING: Could not register reflection metadata for com.google.cloud.spring.autoconfigure.secretmanager.GcpSecretManagerBootstrapConfiguration. Reason: java.lang.NoClassDefFoundError: com/google/cloud/secretmanager/v1/SecretManagerServiceClient.
    [creator]     WARNING: Could not register reflection metadata for org.springframework.boot.autoconfigure.groovy.template.GroovyTemplateAutoConfiguration$GroovyMarkupConfiguration. Reason: java.lang.NoClassDefFoundError: groovy/text/markup/TemplateConfiguration.
    [creator]     WARNING: Could not register reflection metadata for org.springframework.web.servlet.view.groovy.GroovyMarkupConfig. Reason: java.lang.NoClassDefFoundError: groovy/text/markup/MarkupTemplateEngine.
    [creator]     WARNING: Could not register reflection metadata for org.springframework.boot.autoconfigure.cache.HazelcastCacheConfiguration. Reason: java.lang.NoClassDefFoundError: com/hazelcast/core/HazelcastInstance.
    [creator]     WARNING: Could not register reflection metadata for org.springframework.boot.autoconfigure.cache.RedisCacheConfiguration. Reason: java.lang.NoClassDefFoundError: org/springframework/data/redis/serializer/RedisSerializer.
    [creator]     WARNING: Could not register reflection metadata for com.google.cloud.spring.autoconfigure.config.GcpConfigBootstrapConfiguration. Reason: java.lang.NoClassDefFoundError: org/springframework/cloud/bootstrap/config/PropertySourceLocator.
    [creator]     WARNING: Could not register reflection metadata for org.springframework.boot.actuate.autoconfigure.cloudfoundry.servlet.CloudFoundryActuatorAutoConfiguration. Reason: java.lang.NoClassDefFoundError: org/springframework/security/config/annotation/web/configuration/WebSecurityCustomizer.
    [creator]     WARNING: Could not register reflection metadata for com.google.cloud.spring.autoconfigure.firestore.GcpFirestoreEmulatorAutoConfiguration. Reason: java.lang.NoClassDefFoundError: com/google/cloud/firestore/FirestoreOptions.
    [creator]     WARNING: Could not register reflection metadata for org.springframework.aop.aspectj.annotation.AnnotationAwareAspectJAutoProxyCreator. Reason: java.lang.NoClassDefFoundError: org/aspectj/util/PartialOrder$PartialComparable.
    [creator]     WARNING: Could not register reflection metadata for org.springframework.boot.autoconfigure.jsonb.JsonbAutoConfiguration. Reason: java.lang.NoClassDefFoundError: javax/json/bind/Jsonb.
    [creator]     WARNING: Could not register reflection metadata for org.springframework.boot.autoconfigure.cache.InfinispanCacheConfiguration. Reason: java.lang.NoClassDefFoundError: org/infinispan/manager/EmbeddedCacheManager.
    [creator]     WARNING: Could not register reflection metadata for org.springframework.boot.autoconfigure.cache.CouchbaseCacheConfiguration. Reason: java.lang.NoClassDefFoundError: org/springframework/data/couchbase/cache/CouchbaseCacheManager$CouchbaseCacheManagerBuilder.
    [creator]     WARNING: Could not register reflection metadata for org.springframework.boot.autoconfigure.cache.JCacheCacheConfiguration. Reason: java.lang.NoClassDefFoundError: javax/cache/CacheManager.
    [creator]     WARNING: Could not register reflection metadata for com.google.cloud.spring.autoconfigure.pubsub.GcpPubSubEmulatorAutoConfiguration. Reason: java.lang.NoClassDefFoundError: Lio/grpc/ManagedChannel;.
    [creator]     WARNING: Could not register reflection metadata for org.springframework.boot.actuate.autoconfigure.security.servlet.ManagementWebSecurityAutoConfiguration. Reason: java.lang.NoClassDefFoundError: org/springframework/security/config/annotation/web/builders/HttpSecurity.
    [creator]     WARNING: Could not register reflection metadata for org.springframework.boot.autoconfigure.validation.ValidationAutoConfiguration. Reason: java.lang.NoClassDefFoundError: javax/validation/ValidatorFactory.
    [creator]     WARNING: Could not register reflection metadata for org.springframework.web.multipart.commons.CommonsMultipartResolver. Reason: java.lang.NoClassDefFoundError: org/apache/commons/fileupload/FileItemFactory.
    [creator]     Error: Image build request failed with exit status 137
    [creator]     unable to invoke layer creator
    [creator]     unable to contribute native-image layer
    [creator]     error running build
    [creator]     exit status 137
    [creator]     ERROR: failed to build: exit status 1

> Task :bootBuildImage FAILED

FAILURE: Build failed with an exception.

* What went wrong:
Execution failed for task ':bootBuildImage'.
> Builder lifecycle 'creator' failed with status code 145

* Try:
Run with --stacktrace option to get the stack trace. Run with --info or --debug option to get more log output. Run with --scan to get full insights.

* Get more help at https://help.gradle.org

BUILD FAILED in 3m 28s
9 actionable tasks: 9 executed
